0 info it worked if it ends with ok
1 verbose cli [ 'node',
1 verbose cli   '/Users/mdevils/.nvm/v0.10.26/bin/npm',
1 verbose cli   'publish',
1 verbose cli   '-f',
1 verbose cli   '.' ]
2 info using npm@1.4.3
3 info using node@v0.10.26
4 warn using --force I sure hope you know what you are doing.
5 verbose publish [ '.' ]
6 verbose cache add [ '.', null ]
7 verbose cache add name=undefined spec="." args=[".",null]
8 verbose parsed url { protocol: null,
8 verbose parsed url   slashes: null,
8 verbose parsed url   auth: null,
8 verbose parsed url   host: null,
8 verbose parsed url   port: null,
8 verbose parsed url   hostname: null,
8 verbose parsed url   hash: null,
8 verbose parsed url   search: null,
8 verbose parsed url   query: null,
8 verbose parsed url   pathname: '.',
8 verbose parsed url   path: '.',
8 verbose parsed url   href: '.' }
9 silly lockFile 3a52ce78- .
10 verbose lock . /Users/mdevils/.npm/3a52ce78-.lock
11 verbose tar pack [ '/var/folders/jd/_lxfml916td9x2kc5xwzkz5r5n_gnt/T/npm-28134-EQNK_zdW/1400165761510-0.6959046798292547/tmp.tgz',
11 verbose tar pack   '.' ]
12 verbose tarball /var/folders/jd/_lxfml916td9x2kc5xwzkz5r5n_gnt/T/npm-28134-EQNK_zdW/1400165761510-0.6959046798292547/tmp.tgz
13 verbose folder .
14 info prepublish enb-bembundle@1.0.1
15 silly lockFile 1f1177db-tar tar://.
16 verbose lock tar://. /Users/mdevils/.npm/1f1177db-tar.lock
17 silly lockFile 293d1f7a-61510-0-6959046798292547-tmp-tgz tar:///var/folders/jd/_lxfml916td9x2kc5xwzkz5r5n_gnt/T/npm-28134-EQNK_zdW/1400165761510-0.6959046798292547/tmp.tgz
18 verbose lock tar:///var/folders/jd/_lxfml916td9x2kc5xwzkz5r5n_gnt/T/npm-28134-EQNK_zdW/1400165761510-0.6959046798292547/tmp.tgz /Users/mdevils/.npm/293d1f7a-61510-0-6959046798292547-tmp-tgz.lock
19 silly lockFile 1f1177db-tar tar://.
20 silly lockFile 1f1177db-tar tar://.
21 silly lockFile 293d1f7a-61510-0-6959046798292547-tmp-tgz tar:///var/folders/jd/_lxfml916td9x2kc5xwzkz5r5n_gnt/T/npm-28134-EQNK_zdW/1400165761510-0.6959046798292547/tmp.tgz
22 silly lockFile 293d1f7a-61510-0-6959046798292547-tmp-tgz tar:///var/folders/jd/_lxfml916td9x2kc5xwzkz5r5n_gnt/T/npm-28134-EQNK_zdW/1400165761510-0.6959046798292547/tmp.tgz
23 verbose tar unpack /var/folders/jd/_lxfml916td9x2kc5xwzkz5r5n_gnt/T/npm-28134-EQNK_zdW/1400165761510-0.6959046798292547/tmp.tgz
24 silly lockFile 196cccd8-61510-0-6959046798292547-package tar:///var/folders/jd/_lxfml916td9x2kc5xwzkz5r5n_gnt/T/npm-28134-EQNK_zdW/1400165761510-0.6959046798292547/package
25 verbose lock tar:///var/folders/jd/_lxfml916td9x2kc5xwzkz5r5n_gnt/T/npm-28134-EQNK_zdW/1400165761510-0.6959046798292547/package /Users/mdevils/.npm/196cccd8-61510-0-6959046798292547-package.lock
26 silly lockFile 293d1f7a-61510-0-6959046798292547-tmp-tgz tar:///var/folders/jd/_lxfml916td9x2kc5xwzkz5r5n_gnt/T/npm-28134-EQNK_zdW/1400165761510-0.6959046798292547/tmp.tgz
27 verbose lock tar:///var/folders/jd/_lxfml916td9x2kc5xwzkz5r5n_gnt/T/npm-28134-EQNK_zdW/1400165761510-0.6959046798292547/tmp.tgz /Users/mdevils/.npm/293d1f7a-61510-0-6959046798292547-tmp-tgz.lock
28 silly gunzTarPerm modes [ '755', '644' ]
29 silly gunzTarPerm extractEntry package.json
30 silly gunzTarPerm extractEntry .npmignore
31 silly gunzTarPerm extractEntry README.md
32 silly gunzTarPerm extractEntry LICENSE
33 silly gunzTarPerm extractEntry .jshintignore
34 silly gunzTarPerm extractEntry .jshintrc
35 silly gunzTarPerm extractEntry .travis.yml
36 silly gunzTarPerm extractEntry lib/chunks.js
37 silly gunzTarPerm extractEntry techs/css-chunks.js
38 silly gunzTarPerm extractEntry techs/js-bembundle-component-i18n.js
39 silly gunzTarPerm extractEntry techs/js-bembundle-component.js
40 silly gunzTarPerm extractEntry techs/js-bembundle-page-i18n.js
41 silly gunzTarPerm extractEntry techs/js-bembundle-page.js
42 silly gunzTarPerm extractEntry techs/js-chunks.js
43 silly lockFile 196cccd8-61510-0-6959046798292547-package tar:///var/folders/jd/_lxfml916td9x2kc5xwzkz5r5n_gnt/T/npm-28134-EQNK_zdW/1400165761510-0.6959046798292547/package
44 silly lockFile 196cccd8-61510-0-6959046798292547-package tar:///var/folders/jd/_lxfml916td9x2kc5xwzkz5r5n_gnt/T/npm-28134-EQNK_zdW/1400165761510-0.6959046798292547/package
45 silly lockFile 293d1f7a-61510-0-6959046798292547-tmp-tgz tar:///var/folders/jd/_lxfml916td9x2kc5xwzkz5r5n_gnt/T/npm-28134-EQNK_zdW/1400165761510-0.6959046798292547/tmp.tgz
46 silly lockFile 293d1f7a-61510-0-6959046798292547-tmp-tgz tar:///var/folders/jd/_lxfml916td9x2kc5xwzkz5r5n_gnt/T/npm-28134-EQNK_zdW/1400165761510-0.6959046798292547/tmp.tgz
47 verbose tar pack [ '/Users/mdevils/.npm/enb-bembundle/1.0.1/package.tgz',
47 verbose tar pack   '/var/folders/jd/_lxfml916td9x2kc5xwzkz5r5n_gnt/T/npm-28134-EQNK_zdW/1400165761510-0.6959046798292547/package' ]
48 verbose tarball /Users/mdevils/.npm/enb-bembundle/1.0.1/package.tgz
49 verbose folder /var/folders/jd/_lxfml916td9x2kc5xwzkz5r5n_gnt/T/npm-28134-EQNK_zdW/1400165761510-0.6959046798292547/package
50 silly lockFile 196cccd8-61510-0-6959046798292547-package tar:///var/folders/jd/_lxfml916td9x2kc5xwzkz5r5n_gnt/T/npm-28134-EQNK_zdW/1400165761510-0.6959046798292547/package
51 verbose lock tar:///var/folders/jd/_lxfml916td9x2kc5xwzkz5r5n_gnt/T/npm-28134-EQNK_zdW/1400165761510-0.6959046798292547/package /Users/mdevils/.npm/196cccd8-61510-0-6959046798292547-package.lock
52 silly lockFile 96814e75--enb-bembundle-1-0-1-package-tgz tar:///Users/mdevils/.npm/enb-bembundle/1.0.1/package.tgz
53 verbose lock tar:///Users/mdevils/.npm/enb-bembundle/1.0.1/package.tgz /Users/mdevils/.npm/96814e75--enb-bembundle-1-0-1-package-tgz.lock
54 silly lockFile 196cccd8-61510-0-6959046798292547-package tar:///var/folders/jd/_lxfml916td9x2kc5xwzkz5r5n_gnt/T/npm-28134-EQNK_zdW/1400165761510-0.6959046798292547/package
55 silly lockFile 196cccd8-61510-0-6959046798292547-package tar:///var/folders/jd/_lxfml916td9x2kc5xwzkz5r5n_gnt/T/npm-28134-EQNK_zdW/1400165761510-0.6959046798292547/package
56 silly lockFile 96814e75--enb-bembundle-1-0-1-package-tgz tar:///Users/mdevils/.npm/enb-bembundle/1.0.1/package.tgz
57 silly lockFile 96814e75--enb-bembundle-1-0-1-package-tgz tar:///Users/mdevils/.npm/enb-bembundle/1.0.1/package.tgz
58 silly lockFile 902d36ec--npm-enb-bembundle-1-0-1-package /Users/mdevils/.npm/enb-bembundle/1.0.1/package
59 verbose lock /Users/mdevils/.npm/enb-bembundle/1.0.1/package /Users/mdevils/.npm/902d36ec--npm-enb-bembundle-1-0-1-package.lock
60 silly lockFile 902d36ec--npm-enb-bembundle-1-0-1-package /Users/mdevils/.npm/enb-bembundle/1.0.1/package
61 silly lockFile 902d36ec--npm-enb-bembundle-1-0-1-package /Users/mdevils/.npm/enb-bembundle/1.0.1/package
62 verbose tar unpack /Users/mdevils/.npm/enb-bembundle/1.0.1/package.tgz
63 silly lockFile d4a59168--npm-enb-bembundle-1-0-1-package tar:///Users/mdevils/.npm/enb-bembundle/1.0.1/package
64 verbose lock tar:///Users/mdevils/.npm/enb-bembundle/1.0.1/package /Users/mdevils/.npm/d4a59168--npm-enb-bembundle-1-0-1-package.lock
65 silly lockFile 96814e75--enb-bembundle-1-0-1-package-tgz tar:///Users/mdevils/.npm/enb-bembundle/1.0.1/package.tgz
66 verbose lock tar:///Users/mdevils/.npm/enb-bembundle/1.0.1/package.tgz /Users/mdevils/.npm/96814e75--enb-bembundle-1-0-1-package-tgz.lock
67 silly gunzTarPerm modes [ '755', '644' ]
68 silly gunzTarPerm extractEntry package.json
69 silly gunzTarPerm extractEntry .npmignore
70 silly gunzTarPerm extractEntry README.md
71 silly gunzTarPerm extractEntry LICENSE
72 silly gunzTarPerm extractEntry .jshintignore
73 silly gunzTarPerm extractEntry .jshintrc
74 silly gunzTarPerm extractEntry .travis.yml
75 silly gunzTarPerm extractEntry lib/chunks.js
76 silly gunzTarPerm extractEntry techs/css-chunks.js
77 silly gunzTarPerm extractEntry techs/js-bembundle-component-i18n.js
78 silly gunzTarPerm extractEntry techs/js-bembundle-component.js
79 silly gunzTarPerm extractEntry techs/js-bembundle-page-i18n.js
80 silly gunzTarPerm extractEntry techs/js-bembundle-page.js
81 silly gunzTarPerm extractEntry techs/js-chunks.js
82 silly lockFile d4a59168--npm-enb-bembundle-1-0-1-package tar:///Users/mdevils/.npm/enb-bembundle/1.0.1/package
83 silly lockFile d4a59168--npm-enb-bembundle-1-0-1-package tar:///Users/mdevils/.npm/enb-bembundle/1.0.1/package
84 silly lockFile 96814e75--enb-bembundle-1-0-1-package-tgz tar:///Users/mdevils/.npm/enb-bembundle/1.0.1/package.tgz
85 silly lockFile 96814e75--enb-bembundle-1-0-1-package-tgz tar:///Users/mdevils/.npm/enb-bembundle/1.0.1/package.tgz
86 verbose chmod /Users/mdevils/.npm/enb-bembundle/1.0.1/package.tgz 644
87 verbose chown /Users/mdevils/.npm/enb-bembundle/1.0.1/package.tgz [ 190135994, 593637566 ]
88 silly lockFile 3a52ce78- .
89 silly lockFile 3a52ce78- .
90 silly publish { name: 'enb-bembundle',
90 silly publish   version: '1.0.1',
90 silly publish   scripts:
90 silly publish    { test: 'npm run-script jshint && npm run-script check-style',
90 silly publish      jshint: 'jshint .',
90 silly publish      'check-style': 'jscs -c node_modules/enb-validate-code/jscs.json techs' },
90 silly publish   repository:
90 silly publish    { type: 'git',
90 silly publish      url: 'git://github.com/enb-make/enb-bembundle.git' },
90 silly publish   author: { name: 'Marat Dulin' },
90 silly publish   license: 'MIT',
90 silly publish   bugs: { url: 'https://github.com/enb-make/enb-bembundle/issues' },
90 silly publish   homepage: 'https://github.com/enb-make/enb-bembundle',
90 silly publish   peerDependencies: { enb: '>=0.8.45' },
90 silly publish   devDependencies:
90 silly publish    { jscs: '~1.2.4',
90 silly publish      jshint: '~2.4.2',
90 silly publish      'enb-validate-code': '0.0.1' },
90 silly publish   dependencies: { vow: '0.4.3' },
90 silly publish   readme: 'enb-bembundle [![Build Status](https://travis-ci.org/enb-make/enb-bembundle.png?branch=master)](https://travis-ci.org/enb-make/enb-bembundle)\n==========\n\nПредоставляет технологии для сборки `bembundle`-модулей.\n\ncss-chunks\n----------\n\nИз *css*-файлов по deps\'ам, собирает `css-chunks.js`-файл, обрабатывая инклуды, ссылки.\n`css-chunks.js`-файлы нужны для создания bembundle-файлов или bembundle-страниц.\n\nТехнология bembundle активно используется в bem-tools для выделения из проекта\nдогружаемых кусков функционала и стилей (js/css).\n\n**Опции**\n\n* *String* **target** — Результирующий таргет. По умолчанию `?.css-chunks.js`.\n* *String* **filesTarget** — files-таргет, на основе которого получается список исходных файлов\n  (его предоставляет технология `files`). По умолчанию — `?.files`.\n* *String* **sourceSuffixes** — суффиксы файлов, по которым строится `files`-таргет. По умолчанию — \'css\'.\n\n**Пример**\n\n```javascript\nnodeConfig.addTech(require(\'enb-bembundle/techs/css-chunks\'));\n```\n\njs-chunks\n---------\n\nИз *js*-файлов по deps\'ам, собирает `js-chunks.js`-файл.\n`js-chunks.js`-файлы нужны для создания bembundle-файлов или bembundle-страниц.\n\nТехнология bembundle активно используется в bem-tools для выделения из проекта догружаемых\nкусков функционала и стилей (js/css).\n\n**Опции**\n\n* *String* **filesTarget** — files-таргет, на основе которого получается список исходных файлов\n  (его предоставляет технология `files`). По умолчанию — `?.files`.\n* *String* **sourceSuffixes** — суффиксы файлов, по которым строится `files`-таргет. По умолчанию — \'js\'.\n* *String* **target** — Результирующий таргет. По умолчанию — `?.js-chunks.js`.\n\n**Пример**\n\n```javascript\nnodeConfig.addTech(require(\'enb-bembundle/techs/js-chunks\'));\n```\n\njs-bundle-component\n-------------------\n\nСобирает `?.bembundle.js`-файл из `?.css-chunks.js` и `?.js-chunks.js`.\n\nИспользуется вместе с `deps-subtract`, `deps-provider`, `js-chunks`, `css-chunks` для построения догружаемой части функционала сайта.\n\n**Опции**\n\n* *String* **cssChunksTargets** — Имена `css-chunks.js`-таргетов, которые предоставляют CSS-чанки. По умолчанию — `[ \'?.css-chunks.js\' ]`.\n* *String* **jsChunksTargets** — Имена `js-chunks.js`-таргетов, которые предоставляют JS-чанки. По умолчанию — `[ \'?.js-chunks.js\' ]`.\n* *String* **target** — Результирующий таргет. По умолчанию — `?.bembundle.js`.\n\n**Пример**\n\n```javascript\nnodeConfig.addTechs([\n  [ require(\'enb-bembundle/techs/levels\'), { levels: /* ... */ } ],\n  require(\'enb-bembundle/techs/files\'),\n  [ require(\'enb-bembundle/techs/deps\'), { depsTarget: \'router.tmp.deps.js\' } ],\n  [ require(\'enb-bembundle/techs/deps-provider\'), { sourceNodePath: \'pages/index\', depsTarget: \'index.deps.js\' } ],\n  [ require(\'enb-bembundle/techs/deps-subtract\'), {\n    subtractWhatTarget: \'index.deps.js\',\n    subtractFromTarget: \'router.tmp.deps.js\',\n    depsTarget: \'router.deps.js\'\n  } ],\n  require(\'enb-bembundle/techs/css-chunks\'),\n  require(\'enb-bembundle/techs/js-chunks\'),\n  require(\'enb-bembundle/techs/js-bundle-component\')\n]);\n```\n\njs-bembundle-component-i18n\n---------------------------\n\nСобирает `?.bembundle.<язык>.js`-файл из `?.css-chunks.js`,  `?.js-chunks.lang.<язык>.js` и `?.js-chunks.js`.\n\nИспользуется вместе с `deps-subtract`, `deps-provider`, `js-chunks`, `i18n-lang-js-chunks`, `css-chunks` для построения догружаемой части функционала сайта.\n\nИмена результирующих файлов в данный момент не настраиваются (нет запросов на эту функцию).\n\n**Опции**\n\n* *String* **cssChunksTargets** — Имена `css-chunks.js`-таргетов, которые предоставляют CSS-чанки. По умолчанию — `[ \'?.css-chunks.js\' ]`.\n* *String* **jsChunksTargets** — Имена `js-chunks.js`-таргетов, которые предоставляют JS-чанки. По умолчанию — `[ \'?.js-chunks.js\' ]`.\n* *String* **target** — Результирующий таргет. По умолчанию — `?.bembundle.{lang}.js`.\n* *String* **lang** — Язык, для которого небходимо собрать файл.\n\n**Пример**\n\n```javascript\nnodeConfig.addTechs([\n  [ require(\'enb-bembundle/techs/levels\'), { levels: /* ... */ } ],\n  require(\'enb-bembundle/techs/files\'),\n  [ require(\'enb-bembundle/techs/deps\'), { depsTarget: \'router.tmp.deps.js\' } ],\n  [ require(\'enb-bembundle/techs/deps-provider\'), { sourceNodePath: \'pages/index\', depsTarget: \'index.deps.js\' } ],\n  [ require(\'enb-bembundle/techs/deps-subtract\'), {\n    subtractWhatTarget: \'index.deps.js\',\n    subtractFromTarget: \'router.tmp.deps.js\',\n    depsTarget: \'router.deps.js\'\n  } ],\n  require(\'enb-bembundle/techs/css-chunks\'),\n  require(\'enb-bembundle/techs/js-chunks\'),\n  [ require(\'enb-bembundle/techs/i18n-merge-keysets\'), { lang: \'all\' } ],\n  [ require(\'enb-bembundle/techs/i18n-merge-keysets\'), { lang: \'{lang}\' } ],\n  [ require(\'enb-bembundle/techs/i18n-lang-js-chunks\'), { lang: \'all\' } ],\n  [ require(\'enb-bembundle/techs/i18n-lang-js-chunks\'), { lang: \'{lang}\' } ],\n  [ require(\'enb-bembundle/techs/js-bembundle-component-i18n\'), { lang: \'{lang}\' } ]\n]);\n```\n\njs-bundle-page\n--------------\n\nСобирает страничный `?.js`-файл из `?.css-chunks.js` и `?.js-chunks.js`.\n\nРезультирующий файл готов к догрузке кода из бандлов (JS и CSS, приходящий из бандлов, повторно не выполняется на странице).\n\n**Опции**\n\n* *String* **cssChunksTargets** — Имена `css-chunks.js`-таргетов, которые предоставляют CSS-чанки. По умолчанию — `[ \'?.css-chunks.js\' ]`.\n* *String* **jsChunksTargets** — Имена `js-chunks.js`-таргетов, которые предоставляют JS-чанки. По умолчанию — `[ \'?.js-chunks.js\' ]`.\n* *String* **target** — Результирующий таргет. По умолчанию — `?.js`.\n\n**Пример**\n\n```javascript\nnodeConfig.addTechs([\n  /* ... */\n  require(\'enb-bembundle/techs/css-chunks\'),\n  require(\'enb-bembundle/techs/js-chunks\'),\n  require(\'enb-bembundle/techs/js-bundle-page\')\n]);\n```\n\njs-bembundle-page-i18n\n----------------------\n\nСобирает страничный `?.<язык>.js`-файл из `?.css-chunks.js`,  `?.js-chunks.lang.<язык>.js` и `?.js-chunks.js`.\n\nИспользуется вместе с `deps-subtract`, `deps-provider`, `js-chunks`, `i18n-lang-js-chunks`, `css-chunks` для построения догружаемой части функционала сайта.\n\n**Опции**\n\n* *String* **cssChunksTargets** — Имена `css-chunks.js`-таргетов, которые предоставляют CSS-чанки. По умолчанию — `[ \'?.css-chunks.js\' ]`.\n* *String* **jsChunksTargets** — Имена `js-chunks.js`-таргетов, которые предоставляют JS-чанки. По умолчанию — `[ \'?.js-chunks.js\' ]`.\n* *String* **target** — Результирующий таргет. По умолчанию — `?.bembundle.{lang}.js`.\n* *String* **lang** — Язык, для которого небходимо собрать файл.\n\n**Пример**\n\n```javascript\nnodeConfig.addTechs([\n  /* ... */\n  require(\'enb-bembundle/techs/css-chunks\'),\n  require(\'enb-bembundle/techs/js-chunks\'),\n  [ require(\'enb-bembundle/techs/i18n-merge-keysets\'), { lang: \'all\' } ],\n  [ require(\'enb-bembundle/techs/i18n-merge-keysets\'), { lang: \'{lang}\' } ],\n  [ require(\'enb-bembundle/techs/i18n-lang-js-chunks\'), { lang: \'all\' } ],\n  [ require(\'enb-bembundle/techs/i18n-lang-js-chunks\'), { lang: \'{lang}\' } ],\n  [ require(\'enb-bembundle/techs/js-bembundle-page-i18n\'), { lang: \'{lang}\' } ]\n]);\n```\n',
90 silly publish   readmeFilename: 'README.md',
90 silly publish   description: 'enb-bembundle [![Build Status](https://travis-ci.org/enb-make/enb-bembundle.png?branch=master)](https://travis-ci.org/enb-make/enb-bembundle) ==========',
90 silly publish   _id: 'enb-bembundle@1.0.1',
90 silly publish   dist: { shasum: '6be91f081bdb5845c81bef0b03005a0bfa1c6324' },
90 silly publish   _from: '.' }
91 verbose url raw enb-bembundle
92 verbose url resolving [ 'https://registry.npmjs.org/', './enb-bembundle' ]
93 verbose url resolved https://registry.npmjs.org/enb-bembundle
94 info trying registry request attempt 1 at 18:56:01
95 http PUT https://registry.npmjs.org/enb-bembundle
96 http 403 https://registry.npmjs.org/enb-bembundle
97 error publish Failed PUT 403
98 error Error: forbidden cannot modify pre-existing version: 1.0.1
98 error old={"name":"enb-bembundle","version":"1.0.1","scripts":{"test":"npm run-script jshint && npm run-script check-style","jshint":"jshint .","check-style":"jscs -c node_modules/enb-validate-code/jscs.json techs"},"repository":{"type":"git","url":"git://github.com/enb-make/enb-bembundle.git"},"author":{"name":"Marat Dulin"},"license":"MIT","bugs":{"url":"https://github.com/enb-make/enb-bembundle/issues"},"homepage":"https://github.com/enb-make/enb-bembundle","peerDependencies":{"enb":">=0.8.45"},"devDependencies":{"jscs":"~1.2.4","jshint":"~2.4.2","enb-validate-code":"0.0.1"},"dependencies":{"vow":"^0.4.3"},"description":"enb-bembundle [![Build Status](https://travis-ci.org/enb-make/enb-bembundle.png?branch=master)](https://travis-ci.org/enb-make/enb-bembundle) ==========","_id":"enb-bembundle@1.0.1","dist":{"shasum":"87c04b7609dbab59a27e02642052c04b104b82f8","tarball":"http://registry.npmjs.org/enb-bembundle/-/enb-bembundle-1.0.1.tgz"},"_from":".","_npmVersion":"1.4.3","_npmUser":{"name":"mdevils","email":"mdevils@yandex.ru"},"maintainers":[{"name":"mdevils","email":"mdevils@yandex.ru"}]}
98 error new={"name":"enb-bembundle","version":"1.0.1","scripts":{"test":"npm run-script jshint && npm run-script check-style","jshint":"jshint .","check-style":"jscs -c node_modules/enb-validate-code/jscs.json techs"},"repository":{"type":"git","url":"git://github.com/enb-make/enb-bembundle.git"},"author":{"name":"Marat Dulin"},"license":"MIT","bugs":{"url":"https://github.com/enb-make/enb-bembundle/issues"},"homepage":"https://github.com/enb-make/enb-bembundle","peerDependencies":{"enb":">=0.8.45"},"devDependencies":{"jscs":"~1.2.4","jshint":"~2.4.2","enb-validate-code":"0.0.1"},"dependencies":{"vow":"0.4.3"},"readme":"enb-bembundle [![Build Status](https://travis-ci.org/enb-make/enb-bembundle.png?branch=master)](https://travis-ci.org/enb-make/enb-bembundle)\u000a==========\u000a\u000aПредоставляет технологии для сборки `bembundle`-модулей.\u000a\u000acss-chunks\u000a----------\u000a\u000aИз *css*-файлов по deps'ам, собирает `css-chunks.js`-файл, обрабатывая инклуды, ссылки.\u000a`css-chunks.js`-файлы нужны для создания bembundle-файлов или bembundle-страниц.\u000a\u000aТехнология bembundle активно используется в bem-tools для выделения из проекта\u000aдогружаемых кусков функционала и стилей (js/css).\u000a\u000a**Опции**\u000a\u000a* *String* **target** — Результирующий таргет. По умолчанию `?.css-chunks.js`.\u000a* *String* **filesTarget** — files-таргет, на основе которого получается список исходных файлов\u000a  (его предоставляет технология `files`). По умолчанию — `?.files`.\u000a* *String* **sourceSuffixes** — суффиксы файлов, по которым строится `files`-таргет. По умолчанию — 'css'.\u000a\u000a**Пример**\u000a\u000a```javascript\u000anodeConfig.addTech(require('enb-bembundle/techs/css-chunks'));\u000a```\u000a\u000ajs-chunks\u000a---------\u000a\u000aИз *js*-файлов по deps'ам, собирает `js-chunks.js`-файл.\u000a`js-chunks.js`-файлы нужны для создания bembundle-файлов или bembundle-страниц.\u000a\u000aТехнология bembundle активно используется в bem-tools для выделения из проекта догружаемых\u000aкусков функционала и стилей (js/css).\u000a\u000a**Опции**\u000a\u000a* *String* **filesTarget** — files-таргет, на основе которого получается список исходных файлов\u000a  (его предоставляет технология `files`). По умолчанию — `?.files`.\u000a* *String* **sourceSuffixes** — суффиксы файлов, по которым строится `files`-таргет. По умолчанию — 'js'.\u000a* *String* **target** — Результирующий таргет. По умолчанию — `?.js-chunks.js`.\u000a\u000a**Пример**\u000a\u000a```javascript\u000anodeConfig.addTech(require('enb-bembundle/techs/js-chunks'));\u000a```\u000a\u000ajs-bundle-component\u000a-------------------\u000a\u000aСобирает `?.bembundle.js`-файл из `?.css-chunks.js` и `?.js-chunks.js`.\u000a\u000aИспользуется вместе с `deps-subtract`, `deps-provider`, `js-chunks`, `css-chunks` для построения догружаемой части функционала сайта.\u000a\u000a**Опции**\u000a\u000a* *String* **cssChunksTargets** — Имена `css-chunks.js`-таргетов, которые предоставляют CSS-чанки. По умолчанию — `[ '?.css-chunks.js' ]`.\u000a* *String* **jsChunksTargets** — Имена `js-chunks.js`-таргетов, которые предоставляют JS-чанки. По умолчанию — `[ '?.js-chunks.js' ]`.\u000a* *String* **target** — Результирующий таргет. По умолчанию — `?.bembundle.js`.\u000a\u000a**Пример**\u000a\u000a```javascript\u000anodeConfig.addTechs([\u000a  [ require('enb-bembundle/techs/levels'), { levels: /* ... */ } ],\u000a  require('enb-bembundle/techs/files'),\u000a  [ require('enb-bembundle/techs/deps'), { depsTarget: 'router.tmp.deps.js' } ],\u000a  [ require('enb-bembundle/techs/deps-provider'), { sourceNodePath: 'pages/index', depsTarget: 'index.deps.js' } ],\u000a  [ require('enb-bembundle/techs/deps-subtract'), {\u000a    subtractWhatTarget: 'index.deps.js',\u000a    subtractFromTarget: 'router.tmp.deps.js',\u000a    depsTarget: 'router.deps.js'\u000a  } ],\u000a  require('enb-bembundle/techs/css-chunks'),\u000a  require('enb-bembundle/techs/js-chunks'),\u000a  require('enb-bembundle/techs/js-bundle-component')\u000a]);\u000a```\u000a\u000ajs-bembundle-component-i18n\u000a---------------------------\u000a\u000aСобирает `?.bembundle.<язык>.js`-файл из `?.css-chunks.js`,  `?.js-chunks.lang.<язык>.js` и `?.js-chunks.js`.\u000a\u000aИспользуется вместе с `deps-subtract`, `deps-provider`, `js-chunks`, `i18n-lang-js-chunks`, `css-chunks` для построения догружаемой части функционала сайта.\u000a\u000aИмена результирующих файлов в данный момент не настраиваются (нет запросов на эту функцию).\u000a\u000a**Опции**\u000a\u000a* *String* **cssChunksTargets** — Имена `css-chunks.js`-таргетов, которые предоставляют CSS-чанки. По умолчанию — `[ '?.css-chunks.js' ]`.\u000a* *String* **jsChunksTargets** — Имена `js-chunks.js`-таргетов, которые предоставляют JS-чанки. По умолчанию — `[ '?.js-chunks.js' ]`.\u000a* *String* **target** — Результирующий таргет. По умолчанию — `?.bembundle.{lang}.js`.\u000a* *String* **lang** — Язык, для которого небходимо собрать файл.\u000a\u000a**Пример**\u000a\u000a```javascript\u000anodeConfig.addTechs([\u000a  [ require('enb-bembundle/techs/levels'), { levels: /* ... */ } ],\u000a  require('enb-bembundle/techs/files'),\u000a  [ require('enb-bembundle/techs/deps'), { depsTarget: 'router.tmp.deps.js' } ],\u000a  [ require('enb-bembundle/techs/deps-provider'), { sourceNodePath: 'pages/index', depsTarget: 'index.deps.js' } ],\u000a  [ require('enb-bembundle/techs/deps-subtract'), {\u000a    subtractWhatTarget: 'index.deps.js',\u000a    subtractFromTarget: 'router.tmp.deps.js',\u000a    depsTarget: 'router.deps.js'\u000a  } ],\u000a  require('enb-bembundle/techs/css-chunks'),\u000a  require('enb-bembundle/techs/js-chunks'),\u000a  [ require('enb-bembundle/techs/i18n-merge-keysets'), { lang: 'all' } ],\u000a  [ require('enb-bembundle/techs/i18n-merge-keysets'), { lang: '{lang}' } ],\u000a  [ require('enb-bembundle/techs/i18n-lang-js-chunks'), { lang: 'all' } ],\u000a  [ require('enb-bembundle/techs/i18n-lang-js-chunks'), { lang: '{lang}' } ],\u000a  [ require('enb-bembundle/techs/js-bembundle-component-i18n'), { lang: '{lang}' } ]\u000a]);\u000a```\u000a\u000ajs-bundle-page\u000a--------------\u000a\u000aСобирает страничный `?.js`-файл из `?.css-chunks.js` и `?.js-chunks.js`.\u000a\u000aРезультирующий файл готов к догрузке кода из бандлов (JS и CSS, приходящий из бандлов, повторно не выполняется на странице).\u000a\u000a**Опции**\u000a\u000a* *String* **cssChunksTargets** — Имена `css-chunks.js`-таргетов, которые предоставляют CSS-чанки. По умолчанию — `[ '?.css-chunks.js' ]`.\u000a* *String* **jsChunksTargets** — Имена `js-chunks.js`-таргетов, которые предоставляют JS-чанки. По умолчанию — `[ '?.js-chunks.js' ]`.\u000a* *String* **target** — Результирующий таргет. По умолчанию — `?.js`.\u000a\u000a**Пример**\u000a\u000a```javascript\u000anodeConfig.addTechs([\u000a  /* ... */\u000a  require('enb-bembundle/techs/css-chunks'),\u000a  require('enb-bembundle/techs/js-chunks'),\u000a  require('enb-bembundle/techs/js-bundle-page')\u000a]);\u000a```\u000a\u000ajs-bembundle-page-i18n\u000a----------------------\u000a\u000aСобирает страничный `?.<язык>.js`-файл из `?.css-chunks.js`,  `?.js-chunks.lang.<язык>.js` и `?.js-chunks.js`.\u000a\u000aИспользуется вместе с `deps-subtract`, `deps-provider`, `js-chunks`, `i18n-lang-js-chunks`, `css-chunks` для построения догружаемой части функционала сайта.\u000a\u000a**Опции**\u000a\u000a* *String* **cssChunksTargets** — Имена `css-chunks.js`-таргетов, которые предоставляют CSS-чанки. По умолчанию — `[ '?.css-chunks.js' ]`.\u000a* *String* **jsChunksTargets** — Имена `js-chunks.js`-таргетов, которые предоставляют JS-чанки. По умолчанию — `[ '?.js-chunks.js' ]`.\u000a* *String* **target** — Результирующий таргет. По умолчанию — `?.bembundle.{lang}.js`.\u000a* *String* **lang** — Язык, для которого небходимо собрать файл.\u000a\u000a**Пример**\u000a\u000a```javascript\u000anodeConfig.addTechs([\u000a  /* ... */\u000a  require('enb-bembundle/techs/css-chunks'),\u000a  require('enb-bembundle/techs/js-chunks'),\u000a  [ require('enb-bembundle/techs/i18n-merge-keysets'), { lang: 'all' } ],\u000a  [ require('enb-bembundle/techs/i18n-merge-keysets'), { lang: '{lang}' } ],\u000a  [ require('enb-bembundle/techs/i18n-lang-js-chunks'), { lang: 'all' } ],\u000a  [ require('enb-bembundle/techs/i18n-lang-js-chunks'), { lang: '{lang}' } ],\u000a  [ require('enb-bembundle/techs/js-bembundle-page-i18n'), { lang: '{lang}' } ]\u000a]);\u000a```\u000a","readmeFilename":"README.md","description":"enb-bembundle [![Build Status](https://travis-ci.org/enb-make/enb-bembundle.png?branch=master)](https://travis-ci.org/enb-make/enb-bembundle) ==========","_id":"enb-bembundle@1.0.1","dist":{"shasum":"6be91f081bdb5845c81bef0b03005a0bfa1c6324","tarball":"http://registry.npmjs.org/enb-bembundle/-/enb-bembundle-1.0.1.tgz"},"_from":".","_npmVersion":"1.4.3","_npmUser":{"name":"mdevils","email":"mdevils@yandex.ru"},"maintainers":[{"name":"mdevils","email":"mdevils@yandex.ru"}]}: enb-bembundle
98 error     at RegClient.<anonymous> (/Users/mdevils/.nvm/v0.10.26/lib/node_modules/npm/node_modules/npm-registry-client/lib/request.js:237:14)
98 error     at Request.self.callback (/Users/mdevils/.nvm/v0.10.26/lib/node_modules/npm/node_modules/request/request.js:123:22)
98 error     at Request.EventEmitter.emit (events.js:98:17)
98 error     at Request.<anonymous> (/Users/mdevils/.nvm/v0.10.26/lib/node_modules/npm/node_modules/request/request.js:893:14)
98 error     at Request.EventEmitter.emit (events.js:117:20)
98 error     at IncomingMessage.<anonymous> (/Users/mdevils/.nvm/v0.10.26/lib/node_modules/npm/node_modules/request/request.js:844:12)
98 error     at IncomingMessage.EventEmitter.emit (events.js:117:20)
98 error     at _stream_readable.js:920:16
98 error     at process._tickCallback (node.js:415:13)
99 error If you need help, you may report this *entire* log,
99 error including the npm and node versions, at:
99 error     <http://github.com/npm/npm/issues>
100 error System Darwin 13.1.0
101 error command "node" "/Users/mdevils/.nvm/v0.10.26/bin/npm" "publish" "-f" "."
102 error cwd /Users/mdevils/Work/enb-bembundle
103 error node -v v0.10.26
104 error npm -v 1.4.3
105 verbose exit [ 1, true ]
